Detecting compiler hash for triplet x64-windows...
Compiler found: C:/Program Files/Microsoft Visual Studio/18/Community/VC/Tools/MSVC/14.51.36231/bin/Hostx64/x64/cl.exe
The following packages are already installed:
  * abseil:x64-windows@20260107.1
  * flatbuffers:x64-windows@25.12.19
  * libjpeg-turbo:x64-windows@3.1.3
  * liblzma:x64-windows@5.8.2#1
  * libpng:x64-windows@1.6.55
  * libwebp[core,unicode,simd,nearlossless,libwebpmux]:x64-windows@1.6.0#2
    opencv4[core,win32ui,webp,tiff,thread,quirc,png,msmf,jpeg,intrinsics,highgui,gapi,fs,dshow,dnn,directml,calib3d]:x64-windows@4.12.0#1
  * protobuf:x64-windows@6.33.4#1
  * quirc:x64-windows@1.2
  * tiff[core,zip,lzma,jpeg]:x64-windows@4.7.1
  * utf8-range:x64-windows@6.33.4
  * vcpkg-cmake:x64-windows@2024-04-23
  * vcpkg-cmake-config:x64-windows@2024-05-23
  * vcpkg-get-python-packages:x64-windows@2025-04-05
  * zlib:x64-windows@1.3.1
The following packages will be built and installed:
    nlohmann-json:x64-windows@3.12.0#2
Restored 1 package(s) from C:\Users\istan\AppData\Local\vcpkg\archives in 232 ms. Use --debug to see more details.
Installing 1/1 nlohmann-json:x64-windows@3.12.0#2...
nlohmann-json:x64-windows@3.12.0#2 package ABI: 609732e41aa3b0f6c0f5a677bf63eaf6b2cebec83dfc279215765a5a8ce5ba03
Elapsed time to handle nlohmann-json:x64-windows: 120 ms
Installed contents are licensed to you by owners. Microsoft is not responsible for, nor does it grant any licenses to, third-party packages.
Packages installed in this vcpkg installation declare the following licenses:
MIT
The package nlohmann-json provides CMake targets:

    find_package(nlohmann_json CONFIG REQUIRED)
    target_link_libraries(main PRIVATE nlohmann_json::nlohmann_json)

The package nlohmann-json can be configured to not provide implicit conversions via a custom triplet file:

    set(nlohmann-json_IMPLICIT_CONVERSIONS OFF)

For more information, see the docs here:
    
    https://json.nlohmann.me/api/macros/json_use_implicit_conversions/

opencv4 is compatible with built-in CMake variables. In case of multiple OpenCV version installed, set OpenCV_ROOT *before* the find_package call:

    set(OpenCV_ROOT "${VCPKG_INSTALLED_DIR}/x64-windows/share/opencv4")
    find_package(OpenCV REQUIRED)

All requested installations completed successfully in: 125 ms
